[main] INFO  c.e.h.t.workdaycalculator.Main - Main started..
[main] INFO  c.e.h.t.w.WorkdayCalculator - WorkdayCalculator object created.
[main] INFO  c.e.h.t.w.WorkdayCalculator - readPropertyFile bundleName: workday
[main] INFO  c.e.h.t.w.WorkdayCalculator - New workday number added: 4
[main] INFO  c.e.h.t.w.WorkdayCalculator - New workday number added: 1
[main] INFO  c.e.h.t.w.WorkdayCalculator - New workday number added: 5
[main] INFO  c.e.h.t.w.WorkdayCalculator - New workday number added: 3
[main] INFO  c.e.h.t.w.WorkdayCalculator - New workday number added: 2
[main] INFO  c.e.h.t.w.WorkdayCalculator - Format for extra-vacation-format is yyyy-MM-dd
[main] INFO  c.e.h.t.w.WorkdayCalculator - Format for workday-format is u
[main] INFO  c.e.h.t.w.WorkdayCalculator - Format for vacation-format is MM-dd
[main] INFO  c.e.h.t.w.WorkdayCalculator - Format for extra-workday-format is yyyy-MM-dd
[main] INFO  c.e.h.t.w.WorkdayCalculator - New vacation date added: 2016-12-26
[main] INFO  c.e.h.t.w.WorkdayCalculator - New vacation date added: 2016-12-25
[main] INFO  c.e.h.t.w.WorkdayCalculator - New vacation date added: 2016-08-20
[main] INFO  c.e.h.t.w.WorkdayCalculator - New vacation date added: 2016-01-01
[main] INFO  c.e.h.t.w.WorkdayCalculator - New vacation date added: 2016-03-15
[main] INFO  c.e.h.t.w.WorkdayCalculator - New vacation date added: 2016-10-23
[main] INFO  c.e.h.t.w.WorkdayCalculator - New extra vacation date added: 2016-05-02
[main] INFO  c.e.h.t.w.WorkdayCalculator - New extra workday date added: 2016-05-10
[main] INFO  c.e.h.t.w.WorkdayCalculator - Instance is initialized, doing calculations...!
[main] INFO  c.e.h.t.w.WorkdayCalculator - === Calculation result ===
[main] INFO  c.e.h.t.w.WorkdayCalculator - 2016-01-04 is workday.
[main] INFO  c.e.h.t.w.WorkdayCalculator - 2016-01-05 is workday.
[main] INFO  c.e.h.t.w.WorkdayCalculator - 2016-01-06 is workday.
[main] INFO  c.e.h.t.w.WorkdayCalculator - 2016-01-07 is workday.
[main] INFO  c.e.h.t.w.WorkdayCalculator - 2016-01-08 is workday.
[main] INFO  c.e.h.t.w.WorkdayCalculator - 2016-01-11 is workday.
[main] INFO  c.e.h.t.w.WorkdayCalculator - 2016-01-12 is workday.
[main] INFO  c.e.h.t.w.WorkdayCalculator - 2016-01-13 is workday.
[main] INFO  c.e.h.t.w.WorkdayCalculator - 2016-01-14 is workday.
[main] INFO  c.e.h.t.w.WorkdayCalculator - 2016-01-15 is workday.
[main] INFO  c.e.h.t.w.WorkdayCalculator - 2016-01-18 is workday.
[main] INFO  c.e.h.t.w.WorkdayCalculator - 2016-01-19 is workday.
[main] INFO  c.e.h.t.w.WorkdayCalculator - 2016-01-20 is workday.
[main] INFO  c.e.h.t.w.WorkdayCalculator - 2016-01-21 is workday.
[main] INFO  c.e.h.t.w.WorkdayCalculator - 2016-01-22 is workday.
[main] INFO  c.e.h.t.w.WorkdayCalculator - 2016-01-25 is workday.
[main] INFO  c.e.h.t.w.WorkdayCalculator - 2016-01-26 is workday.
[main] INFO  c.e.h.t.w.WorkdayCalculator - 2016-01-27 is workday.
[main] INFO  c.e.h.t.w.WorkdayCalculator - 2016-01-28 is workday.
[main] INFO  c.e.h.t.w.WorkdayCalculator - 2016-01-29 is workday.
[main] INFO  c.e.h.t.w.WorkdayCalculator - 2016-02-01 is workday.
[main] INFO  c.e.h.t.w.WorkdayCalculator - 2016-02-02 is workday.
[main] INFO  c.e.h.t.w.WorkdayCalculator - 2016-02-03 is workday.
[main] INFO  c.e.h.t.w.WorkdayCalculator - 2016-02-04 is workday.
[main] INFO  c.e.h.t.w.WorkdayCalculator - 2016-02-05 is workday.
[main] INFO  c.e.h.t.w.WorkdayCalculator - 2016-02-08 is workday.
[main] INFO  c.e.h.t.w.WorkdayCalculator - 2016-02-09 is workday.
[main] INFO  c.e.h.t.w.WorkdayCalculator - 2016-02-10 is workday.
[main] INFO  c.e.h.t.w.WorkdayCalculator - 2016-02-11 is workday.
[main] INFO  c.e.h.t.w.WorkdayCalculator - 2016-02-12 is workday.
[main] INFO  c.e.h.t.w.WorkdayCalculator - 2016-02-15 is workday.
[main] INFO  c.e.h.t.w.WorkdayCalculator - 2016-02-16 is workday.
[main] INFO  c.e.h.t.w.WorkdayCalculator - 2016-02-17 is workday.
[main] INFO  c.e.h.t.w.WorkdayCalculator - 2016-02-18 is workday.
[main] INFO  c.e.h.t.w.WorkdayCalculator - 2016-02-19 is workday.
[main] INFO  c.e.h.t.w.WorkdayCalculator - 2016-02-22 is workday.
[main] INFO  c.e.h.t.w.WorkdayCalculator - 2016-02-23 is workday.
[main] INFO  c.e.h.t.w.WorkdayCalculator - 2016-02-24 is workday.
[main] INFO  c.e.h.t.w.WorkdayCalculator - 2016-02-25 is workday.
[main] INFO  c.e.h.t.w.WorkdayCalculator - 2016-02-26 is workday.
[main] INFO  c.e.h.t.w.WorkdayCalculator - 2016-02-29 is workday.
[main] INFO  c.e.h.t.w.WorkdayCalculator - 2016-03-01 is workday.
[main] INFO  c.e.h.t.w.WorkdayCalculator - 2016-03-02 is workday.
[main] INFO  c.e.h.t.w.WorkdayCalculator - 2016-03-03 is workday.
[main] INFO  c.e.h.t.w.WorkdayCalculator - 2016-03-04 is workday.
[main] INFO  c.e.h.t.w.WorkdayCalculator - 2016-03-07 is workday.
[main] INFO  c.e.h.t.w.WorkdayCalculator - 2016-03-08 is workday.
[main] INFO  c.e.h.t.w.WorkdayCalculator - 2016-03-09 is workday.
[main] INFO  c.e.h.t.w.WorkdayCalculator - 2016-03-10 is workday.
[main] INFO  c.e.h.t.w.WorkdayCalculator - 2016-03-11 is workday.
[main] INFO  c.e.h.t.w.WorkdayCalculator - 2016-03-14 is workday.
[main] INFO  c.e.h.t.w.WorkdayCalculator - 2016-03-16 is workday.
[main] INFO  c.e.h.t.w.WorkdayCalculator - 2016-03-17 is workday.
[main] INFO  c.e.h.t.w.WorkdayCalculator - 2016-03-18 is workday.
[main] INFO  c.e.h.t.w.WorkdayCalculator - 2016-03-21 is workday.
[main] INFO  c.e.h.t.w.WorkdayCalculator - 2016-03-22 is workday.
[main] INFO  c.e.h.t.w.WorkdayCalculator - 2016-03-23 is workday.
[main] INFO  c.e.h.t.w.WorkdayCalculator - 2016-03-24 is workday.
[main] INFO  c.e.h.t.w.WorkdayCalculator - 2016-03-25 is workday.
[main] INFO  c.e.h.t.w.WorkdayCalculator - 2016-03-28 is workday.
[main] INFO  c.e.h.t.w.WorkdayCalculator - 2016-03-29 is workday.
[main] INFO  c.e.h.t.w.WorkdayCalculator - 2016-03-30 is workday.
[main] INFO  c.e.h.t.w.WorkdayCalculator - 2016-03-31 is workday.
[main] INFO  c.e.h.t.w.WorkdayCalculator - 2016-04-01 is workday.
[main] INFO  c.e.h.t.w.WorkdayCalculator - 2016-04-04 is workday.
[main] INFO  c.e.h.t.w.WorkdayCalculator - 2016-04-05 is workday.
[main] INFO  c.e.h.t.w.WorkdayCalculator - 2016-04-06 is workday.
[main] INFO  c.e.h.t.w.WorkdayCalculator - 2016-04-07 is workday.
[main] INFO  c.e.h.t.w.WorkdayCalculator - 2016-04-08 is workday.
[main] INFO  c.e.h.t.w.WorkdayCalculator - 2016-04-11 is workday.
[main] INFO  c.e.h.t.w.WorkdayCalculator - 2016-04-12 is workday.
[main] INFO  c.e.h.t.w.WorkdayCalculator - 2016-04-13 is workday.
[main] INFO  c.e.h.t.w.WorkdayCalculator - 2016-04-14 is workday.
[main] INFO  c.e.h.t.w.WorkdayCalculator - 2016-04-15 is workday.
[main] INFO  c.e.h.t.w.WorkdayCalculator - 2016-04-18 is workday.
[main] INFO  c.e.h.t.w.WorkdayCalculator - 2016-04-19 is workday.
[main] INFO  c.e.h.t.w.WorkdayCalculator - 2016-04-20 is workday.
[main] INFO  c.e.h.t.w.WorkdayCalculator - 2016-04-21 is workday.
[main] INFO  c.e.h.t.w.WorkdayCalculator - 2016-04-22 is workday.
[main] INFO  c.e.h.t.w.WorkdayCalculator - 2016-04-25 is workday.
[main] INFO  c.e.h.t.w.WorkdayCalculator - 2016-04-26 is workday.
[main] INFO  c.e.h.t.w.WorkdayCalculator - 2016-04-27 is workday.
[main] INFO  c.e.h.t.w.WorkdayCalculator - 2016-04-28 is workday.
[main] INFO  c.e.h.t.w.WorkdayCalculator - 2016-04-29 is workday.
[main] INFO  c.e.h.t.w.WorkdayCalculator - 2016-05-03 is workday.
[main] INFO  c.e.h.t.w.WorkdayCalculator - 2016-05-04 is workday.
[main] INFO  c.e.h.t.w.WorkdayCalculator - 2016-05-05 is workday.
[main] INFO  c.e.h.t.w.WorkdayCalculator - 2016-05-06 is workday.
[main] INFO  c.e.h.t.w.WorkdayCalculator - 2016-05-09 is workday.
[main] INFO  c.e.h.t.w.WorkdayCalculator - 2016-05-11 is workday.
[main] INFO  c.e.h.t.w.WorkdayCalculator - 2016-05-12 is workday.
[main] INFO  c.e.h.t.w.WorkdayCalculator - 2016-05-13 is workday.
[main] INFO  c.e.h.t.w.WorkdayCalculator - 2016-05-16 is workday.
[main] INFO  c.e.h.t.w.WorkdayCalculator - 2016-05-17 is workday.
[main] INFO  c.e.h.t.w.WorkdayCalculator - 2016-05-18 is workday.
[main] INFO  c.e.h.t.w.WorkdayCalculator - 2016-05-19 is workday.
[main] INFO  c.e.h.t.w.WorkdayCalculator - 2016-05-20 is workday.
[main] INFO  c.e.h.t.w.WorkdayCalculator - 2016-05-23 is workday.
[main] INFO  c.e.h.t.w.WorkdayCalculator - 2016-05-24 is workday.
[main] INFO  c.e.h.t.w.WorkdayCalculator - 2016-05-25 is workday.
[main] INFO  c.e.h.t.w.WorkdayCalculator - 2016-05-26 is workday.
[main] INFO  c.e.h.t.w.WorkdayCalculator - 2016-05-27 is workday.
[main] INFO  c.e.h.t.w.WorkdayCalculator - 2016-05-30 is workday.
[main] INFO  c.e.h.t.w.WorkdayCalculator - 2016-05-31 is workday.
[main] INFO  c.e.h.t.w.WorkdayCalculator - 2016-06-01 is workday.
[main] INFO  c.e.h.t.w.WorkdayCalculator - 2016-06-02 is workday.
[main] INFO  c.e.h.t.w.WorkdayCalculator - 2016-06-03 is workday.
[main] INFO  c.e.h.t.w.WorkdayCalculator - 2016-06-06 is workday.
[main] INFO  c.e.h.t.w.WorkdayCalculator - 2016-06-07 is workday.
[main] INFO  c.e.h.t.w.WorkdayCalculator - 2016-06-08 is workday.
[main] INFO  c.e.h.t.w.WorkdayCalculator - 2016-06-09 is workday.
[main] INFO  c.e.h.t.w.WorkdayCalculator - 2016-06-10 is workday.
[main] INFO  c.e.h.t.w.WorkdayCalculator - 2016-06-13 is workday.
[main] INFO  c.e.h.t.w.WorkdayCalculator - 2016-06-14 is workday.
[main] INFO  c.e.h.t.w.WorkdayCalculator - 2016-06-15 is workday.
[main] INFO  c.e.h.t.w.WorkdayCalculator - 2016-06-16 is workday.
[main] INFO  c.e.h.t.w.WorkdayCalculator - 2016-06-17 is workday.
[main] INFO  c.e.h.t.w.WorkdayCalculator - 2016-06-20 is workday.
[main] INFO  c.e.h.t.w.WorkdayCalculator - 2016-06-21 is workday.
[main] INFO  c.e.h.t.w.WorkdayCalculator - 2016-06-22 is workday.
[main] INFO  c.e.h.t.w.WorkdayCalculator - 2016-06-23 is workday.
[main] INFO  c.e.h.t.w.WorkdayCalculator - 2016-06-24 is workday.
[main] INFO  c.e.h.t.w.WorkdayCalculator - 2016-06-27 is workday.
[main] INFO  c.e.h.t.w.WorkdayCalculator - 2016-06-28 is workday.
[main] INFO  c.e.h.t.w.WorkdayCalculator - 2016-06-29 is workday.
[main] INFO  c.e.h.t.w.WorkdayCalculator - 2016-06-30 is workday.
[main] INFO  c.e.h.t.w.WorkdayCalculator - 2016-07-01 is workday.
[main] INFO  c.e.h.t.w.WorkdayCalculator - 2016-07-04 is workday.
[main] INFO  c.e.h.t.w.WorkdayCalculator - 2016-07-05 is workday.
[main] INFO  c.e.h.t.w.WorkdayCalculator - 2016-07-06 is workday.
[main] INFO  c.e.h.t.w.WorkdayCalculator - 2016-07-07 is workday.
[main] INFO  c.e.h.t.w.WorkdayCalculator - 2016-07-08 is workday.
[main] INFO  c.e.h.t.w.WorkdayCalculator - 2016-07-11 is workday.
[main] INFO  c.e.h.t.w.WorkdayCalculator - 2016-07-12 is workday.
[main] INFO  c.e.h.t.w.WorkdayCalculator - 2016-07-13 is workday.
[main] INFO  c.e.h.t.w.WorkdayCalculator - 2016-07-14 is workday.
[main] INFO  c.e.h.t.w.WorkdayCalculator - 2016-07-15 is workday.
[main] INFO  c.e.h.t.w.WorkdayCalculator - 2016-07-18 is workday.
[main] INFO  c.e.h.t.w.WorkdayCalculator - 2016-07-19 is workday.
[main] INFO  c.e.h.t.w.WorkdayCalculator - 2016-07-20 is workday.
[main] INFO  c.e.h.t.w.WorkdayCalculator - 2016-07-21 is workday.
[main] INFO  c.e.h.t.w.WorkdayCalculator - 2016-07-22 is workday.
[main] INFO  c.e.h.t.w.WorkdayCalculator - 2016-07-25 is workday.
[main] INFO  c.e.h.t.w.WorkdayCalculator - 2016-07-26 is workday.
[main] INFO  c.e.h.t.w.WorkdayCalculator - 2016-07-27 is workday.
[main] INFO  c.e.h.t.w.WorkdayCalculator - 2016-07-28 is workday.
[main] INFO  c.e.h.t.w.WorkdayCalculator - 2016-07-29 is workday.
[main] INFO  c.e.h.t.w.WorkdayCalculator - 2016-08-01 is workday.
[main] INFO  c.e.h.t.w.WorkdayCalculator - 2016-08-02 is workday.
[main] INFO  c.e.h.t.w.WorkdayCalculator - 2016-08-03 is workday.
[main] INFO  c.e.h.t.w.WorkdayCalculator - 2016-08-04 is workday.
[main] INFO  c.e.h.t.w.WorkdayCalculator - 2016-08-05 is workday.
[main] INFO  c.e.h.t.w.WorkdayCalculator - 2016-08-08 is workday.
[main] INFO  c.e.h.t.w.WorkdayCalculator - 2016-08-09 is workday.
[main] INFO  c.e.h.t.w.WorkdayCalculator - 2016-08-10 is workday.
[main] INFO  c.e.h.t.w.WorkdayCalculator - 2016-08-11 is workday.
[main] INFO  c.e.h.t.w.WorkdayCalculator - 2016-08-12 is workday.
[main] INFO  c.e.h.t.w.WorkdayCalculator - 2016-08-15 is workday.
[main] INFO  c.e.h.t.w.WorkdayCalculator - 2016-08-16 is workday.
[main] INFO  c.e.h.t.w.WorkdayCalculator - 2016-08-17 is workday.
[main] INFO  c.e.h.t.w.WorkdayCalculator - 2016-08-18 is workday.
[main] INFO  c.e.h.t.w.WorkdayCalculator - 2016-08-19 is workday.
[main] INFO  c.e.h.t.w.WorkdayCalculator - 2016-08-22 is workday.
[main] INFO  c.e.h.t.w.WorkdayCalculator - 2016-08-23 is workday.
[main] INFO  c.e.h.t.w.WorkdayCalculator - 2016-08-24 is workday.
[main] INFO  c.e.h.t.w.WorkdayCalculator - 2016-08-25 is workday.
[main] INFO  c.e.h.t.w.WorkdayCalculator - 2016-08-26 is workday.
[main] INFO  c.e.h.t.w.WorkdayCalculator - 2016-08-29 is workday.
[main] INFO  c.e.h.t.w.WorkdayCalculator - 2016-08-30 is workday.
[main] INFO  c.e.h.t.w.WorkdayCalculator - 2016-08-31 is workday.
[main] INFO  c.e.h.t.w.WorkdayCalculator - 2016-09-01 is workday.
[main] INFO  c.e.h.t.w.WorkdayCalculator - 2016-09-02 is workday.
[main] INFO  c.e.h.t.w.WorkdayCalculator - 2016-09-05 is workday.
[main] INFO  c.e.h.t.w.WorkdayCalculator - 2016-09-06 is workday.
[main] INFO  c.e.h.t.w.WorkdayCalculator - 2016-09-07 is workday.
[main] INFO  c.e.h.t.w.WorkdayCalculator - 2016-09-08 is workday.
[main] INFO  c.e.h.t.w.WorkdayCalculator - 2016-09-09 is workday.
[main] INFO  c.e.h.t.w.WorkdayCalculator - 2016-09-12 is workday.
[main] INFO  c.e.h.t.w.WorkdayCalculator - 2016-09-13 is workday.
[main] INFO  c.e.h.t.w.WorkdayCalculator - 2016-09-14 is workday.
[main] INFO  c.e.h.t.w.WorkdayCalculator - 2016-09-15 is workday.
[main] INFO  c.e.h.t.w.WorkdayCalculator - 2016-09-16 is workday.
[main] INFO  c.e.h.t.w.WorkdayCalculator - 2016-09-19 is workday.
[main] INFO  c.e.h.t.w.WorkdayCalculator - 2016-09-20 is workday.
[main] INFO  c.e.h.t.w.WorkdayCalculator - 2016-09-21 is workday.
[main] INFO  c.e.h.t.w.WorkdayCalculator - 2016-09-22 is workday.
[main] INFO  c.e.h.t.w.WorkdayCalculator - 2016-09-23 is workday.
[main] INFO  c.e.h.t.w.WorkdayCalculator - 2016-09-26 is workday.
[main] INFO  c.e.h.t.w.WorkdayCalculator - 2016-09-27 is workday.
[main] INFO  c.e.h.t.w.WorkdayCalculator - 2016-09-28 is workday.
[main] INFO  c.e.h.t.w.WorkdayCalculator - 2016-09-29 is workday.
[main] INFO  c.e.h.t.w.WorkdayCalculator - 2016-09-30 is workday.
[main] INFO  c.e.h.t.w.WorkdayCalculator - 2016-10-03 is workday.
[main] INFO  c.e.h.t.w.WorkdayCalculator - 2016-10-04 is workday.
[main] INFO  c.e.h.t.w.WorkdayCalculator - 2016-10-05 is workday.
[main] INFO  c.e.h.t.w.WorkdayCalculator - 2016-10-06 is workday.
[main] INFO  c.e.h.t.w.WorkdayCalculator - 2016-10-07 is workday.
[main] INFO  c.e.h.t.w.WorkdayCalculator - 2016-10-10 is workday.
[main] INFO  c.e.h.t.w.WorkdayCalculator - 2016-10-11 is workday.
[main] INFO  c.e.h.t.w.WorkdayCalculator - 2016-10-12 is workday.
[main] INFO  c.e.h.t.w.WorkdayCalculator - 2016-10-13 is workday.
[main] INFO  c.e.h.t.w.WorkdayCalculator - 2016-10-14 is workday.
[main] INFO  c.e.h.t.w.WorkdayCalculator - 2016-10-17 is workday.
[main] INFO  c.e.h.t.w.WorkdayCalculator - 2016-10-18 is workday.
[main] INFO  c.e.h.t.w.WorkdayCalculator - 2016-10-19 is workday.
[main] INFO  c.e.h.t.w.WorkdayCalculator - 2016-10-20 is workday.
[main] INFO  c.e.h.t.w.WorkdayCalculator - 2016-10-21 is workday.
[main] INFO  c.e.h.t.w.WorkdayCalculator - 2016-10-24 is workday.
[main] INFO  c.e.h.t.w.WorkdayCalculator - 2016-10-25 is workday.
[main] INFO  c.e.h.t.w.WorkdayCalculator - 2016-10-26 is workday.
[main] INFO  c.e.h.t.w.WorkdayCalculator - 2016-10-27 is workday.
[main] INFO  c.e.h.t.w.WorkdayCalculator - 2016-10-28 is workday.
[main] INFO  c.e.h.t.w.WorkdayCalculator - 2016-10-31 is workday.
[main] INFO  c.e.h.t.w.WorkdayCalculator - 2016-11-01 is workday.
[main] INFO  c.e.h.t.w.WorkdayCalculator - 2016-11-02 is workday.
[main] INFO  c.e.h.t.w.WorkdayCalculator - 2016-11-03 is workday.
[main] INFO  c.e.h.t.w.WorkdayCalculator - 2016-11-04 is workday.
[main] INFO  c.e.h.t.w.WorkdayCalculator - 2016-11-07 is workday.
[main] INFO  c.e.h.t.w.WorkdayCalculator - 2016-11-08 is workday.
[main] INFO  c.e.h.t.w.WorkdayCalculator - 2016-11-09 is workday.
[main] INFO  c.e.h.t.w.WorkdayCalculator - 2016-11-10 is workday.
[main] INFO  c.e.h.t.w.WorkdayCalculator - 2016-11-11 is workday.
[main] INFO  c.e.h.t.w.WorkdayCalculator - 2016-11-14 is workday.
[main] INFO  c.e.h.t.w.WorkdayCalculator - 2016-11-15 is workday.
[main] INFO  c.e.h.t.w.WorkdayCalculator - 2016-11-16 is workday.
[main] INFO  c.e.h.t.w.WorkdayCalculator - 2016-11-17 is workday.
[main] INFO  c.e.h.t.w.WorkdayCalculator - 2016-11-18 is workday.
[main] INFO  c.e.h.t.w.WorkdayCalculator - 2016-11-21 is workday.
[main] INFO  c.e.h.t.w.WorkdayCalculator - 2016-11-22 is workday.
[main] INFO  c.e.h.t.w.WorkdayCalculator - 2016-11-23 is workday.
[main] INFO  c.e.h.t.w.WorkdayCalculator - 2016-11-24 is workday.
[main] INFO  c.e.h.t.w.WorkdayCalculator - 2016-11-25 is workday.
[main] INFO  c.e.h.t.w.WorkdayCalculator - 2016-11-28 is workday.
[main] INFO  c.e.h.t.w.WorkdayCalculator - 2016-11-29 is workday.
[main] INFO  c.e.h.t.w.WorkdayCalculator - 2016-11-30 is workday.
[main] INFO  c.e.h.t.w.WorkdayCalculator - 2016-12-01 is workday.
[main] INFO  c.e.h.t.w.WorkdayCalculator - 2016-12-02 is workday.
[main] INFO  c.e.h.t.w.WorkdayCalculator - 2016-12-05 is workday.
[main] INFO  c.e.h.t.w.WorkdayCalculator - 2016-12-06 is workday.
[main] INFO  c.e.h.t.w.WorkdayCalculator - 2016-12-07 is workday.
[main] INFO  c.e.h.t.w.WorkdayCalculator - 2016-12-08 is workday.
[main] INFO  c.e.h.t.w.WorkdayCalculator - 2016-12-09 is workday.
[main] INFO  c.e.h.t.w.WorkdayCalculator - 2016-12-12 is workday.
[main] INFO  c.e.h.t.w.WorkdayCalculator - 2016-12-13 is workday.
[main] INFO  c.e.h.t.w.WorkdayCalculator - 2016-12-14 is workday.
[main] INFO  c.e.h.t.w.WorkdayCalculator - 2016-12-15 is workday.
[main] INFO  c.e.h.t.w.WorkdayCalculator - 2016-12-16 is workday.
[main] INFO  c.e.h.t.w.WorkdayCalculator - 2016-12-19 is workday.
[main] INFO  c.e.h.t.w.WorkdayCalculator - 2016-12-20 is workday.
[main] INFO  c.e.h.t.w.WorkdayCalculator - 2016-12-21 is workday.
[main] INFO  c.e.h.t.w.WorkdayCalculator - 2016-12-22 is workday.
[main] INFO  c.e.h.t.w.WorkdayCalculator - 2016-12-23 is workday.
[main] INFO  c.e.h.t.w.WorkdayCalculator - 2016-12-27 is workday.
[main] INFO  c.e.h.t.w.WorkdayCalculator - 2016-12-28 is workday.
[main] INFO  c.e.h.t.w.WorkdayCalculator - 2016-12-29 is workday.
[main] INFO  c.e.h.t.w.WorkdayCalculator - 2016-12-30 is workday.
